#
# A fatal error has been detected by the Java Runtime Environment:
#
#  EXCEPTION_ACCESS_VIOLATION (0xc0000005) at pc=0x00007ff96425c16a, pid=8628, tid=0x0000000000000d34
#
# JRE version: Java(TM) SE Runtime Environment (8.0_152-b16) (build 1.8.0_152-b16)
# Java VM: Java HotSpot(TM) 64-Bit Server VM (25.152-b16 mixed mode windows-amd64 compressed oops)
# Problematic frame:
# C  [bulletjme.dll+0x2c16a]
#
# Failed to write core dump. Minidumps are not enabled by default on client versions of Windows
#
# If you would like to submit a bug report, please visit:
#   http://bugreport.java.com/bugreport/crash.jsp
# The crash happened outside the Java Virtual Machine in native code.
# See problematic frame for where to report the bug.
#

---------------  T H R E A D  ---------------

Current thread (0x00000000026be800):  JavaThread "Finalizer" daemon [_thread_in_native, id=3380, stack(0x000000001a990000,0x000000001aa90000)]

siginfo: ExceptionCode=0xc0000005, reading address 0x00000000229cff48

Registers:
RAX=0x00000000229cfe30, RBX=0x0000000022ebeee8, RCX=0x00000000229cfe30, RDX=0x00000000226a2590
RSP=0x000000001aa8ed88, RBP=0x000000001aa8f1d0, RSI=0x0000000000000138, RDI=0x0000000000001361
R8 =0x00000000226a1090, R9 =0x00000000229afd50, R10=0x00007ff99af28ac0, R11=0x000000001aa8ebe0
R12=0x0000000000000000, R13=0x0000000022ebeee8, R14=0x000000001aa8f200, R15=0x00000000026be800
RIP=0x00007ff96425c16a, EFLAGS=0x0000000000010206

Top of Stack: (sp=0x000000001aa8ed88)
0x000000001aa8ed88:   00007ff9643837f3 00000000229cfe30
0x000000001aa8ed98:   0000004141e69974 0000000000663410
0x000000001aa8eda8:   00007ff964257838 0000000000000001
0x000000001aa8edb8:   00007ff96438370b 00000000229cfe30
0x000000001aa8edc8:   00007ff9642f9a26 0000000000690f08
0x000000001aa8edd8:   0000000000000000 0000000000000000
0x000000001aa8ede8:   000000000000000e 000000002289b9f0
0x000000001aa8edf8:   00000000229cfe30 0000000022a3a690
0x000000001aa8ee08:   00007ff9642f80af 000000001e208580
0x000000001aa8ee18:   00000000226a2590 00000000226a1090
0x000000001aa8ee28:   00000000229afd50 ffffffff00000000
0x000000001aa8ee38:   0000001100000000 0000000f0000000f
0x000000001aa8ee48:   0000000022829850 0000000e0000000e
0x000000001aa8ee58:   3cb78caf3cb78caf 3ef0032a00000001
0x000000001aa8ee68:   0000000000000000 0000000022829a90
0x000000001aa8ee78:   00007ff96439a5da 00000000006913a8 

Instructions: (pc=0x00007ff96425c16a)
0x00007ff96425c14a:   8b 44 24 30 48 83 c0 10 48 8b c8 e8 56 21 00 00
0x00007ff96425c15a:   48 83 c4 28 c3 cc 48 89 4c 24 08 48 8b 44 24 08
0x00007ff96425c16a:   8b 80 18 01 00 00 c3 cc cc cc cc cc cc cc cc cc
0x00007ff96425c17a:   cc cc cc cc cc cc 48 89 4c 24 08 48 8b 44 24 08 


Register to memory mapping:

RAX=0x00000000229cfe30 is an unknown value
RBX={method} {0x0000000022ebeef0} 'finalizeNative' '(J)V' in 'com/jme3/bullet/PhysicsSpace'
RCX=0x00000000229cfe30 is an unknown value
RDX=0x00000000226a2590 is an unknown value
RSP=0x000000001aa8ed88 is pointing into the stack for thread: 0x00000000026be800
RBP=0x000000001aa8f1d0 is pointing into the stack for thread: 0x00000000026be800
RSI=0x0000000000000138 is an unknown value
RDI=0x0000000000001361 is an unknown value
R8 =0x00000000226a1090 is an unknown value
R9 =0x00000000229afd50 is an unknown value
R10=0x00007ff99af28ac0 is an unknown value
R11=0x000000001aa8ebe0 is pointing into the stack for thread: 0x00000000026be800
R12=0x0000000000000000 is an unknown value
R13={method} {0x0000000022ebeef0} 'finalizeNative' '(J)V' in 'com/jme3/bullet/PhysicsSpace'
R14=0x000000001aa8f200 is pointing into the stack for thread: 0x00000000026be800
R15=0x00000000026be800 is a thread


Stack: [0x000000001a990000,0x000000001aa90000],  sp=0x000000001aa8ed88,  free space=1019k
Native frames: (J=compiled Java code, j=interpreted, Vv=VM code, C=native code)
C  [bulletjme.dll+0x2c16a]

Java frames: (J=compiled Java code, j=interpreted, Vv=VM code)
j  com.jme3.bullet.PhysicsSpace.finalizeNative(J)V+0
j  com.jme3.bullet.PhysicsSpace.finalize()V+34
J 2153 C1 java.lang.ref.Finalizer.runFinalizer(Lsun/misc/JavaLangAccess;)V (62 bytes) @ 0x0000000002d5c5d4 [0x0000000002d5c040+0x594]
J 2152 C1 java.lang.ref.Finalizer.access$100(Ljava/lang/ref/Finalizer;Lsun/misc/JavaLangAccess;)V (6 bytes) @ 0x0000000002d5cd1c [0x0000000002d5ccc0+0x5c]
j  java.lang.ref.Finalizer$FinalizerThread.run()V+45
v  ~StubRoutines::call_stub

---------------  P R O C E S S  ---------------

Java Threads: ( => current thread )
  0x000000001b353800 JavaThread "AWT-Shutdown" [_thread_blocked, id=6852, stack(0x00000000252c0000,0x00000000253c0000)]
  0x00000000025c3000 JavaThread "DestroyJavaVM" [_thread_blocked, id=8880, stack(0x00000000023e0000,0x00000000024e0000)]
  0x000000001bb42800 JavaThread "TimerQueue" daemon [_thread_blocked, id=9492, stack(0x000000001d160000,0x000000001d260000)]
  0x000000001b912800 JavaThread "Java2D Disposer" daemon [_thread_blocked, id=8888, stack(0x000000001c010000,0x000000001c110000)]
  0x000000001978e000 JavaThread "Service Thread" daemon [_thread_blocked, id=6108, stack(0x000000001b4b0000,0x000000001b5b0000)]
  0x0000000019738000 JavaThread "C1 CompilerThread2" daemon [_thread_blocked, id=11592, stack(0x000000001afb0000,0x000000001b0b0000)]
  0x0000000019734800 JavaThread "C2 CompilerThread1" daemon [_thread_blocked, id=11064, stack(0x000000001aeb0000,0x000000001afb0000)]
  0x000000001972f000 JavaThread "C2 CompilerThread0" daemon [_thread_blocked, id=6524, stack(0x000000001adb0000,0x000000001aeb0000)]
  0x000000001972e000 JavaThread "Attach Listener" daemon [_thread_blocked, id=1416, stack(0x000000001acb0000,0x000000001adb0000)]
  0x000000001972c800 JavaThread "Signal Dispatcher" daemon [_thread_blocked, id=1868, stack(0x000000001abb0000,0x000000001acb0000)]
=>0x00000000026be800 JavaThread "Finalizer" daemon [_thread_in_native, id=3380, stack(0x000000001a990000,0x000000001aa90000)]
  0x00000000026b3000 JavaThread "Reference Handler" daemon [_thread_blocked, id=11824, stack(0x000000001a890000,0x000000001a990000)]

Other Threads:
  0x00000000196f7000 VMThread [stack: 0x000000001a790000,0x000000001a890000] [id=7516]
  0x000000001b104800 WatcherThread [stack: 0x000000001b5b0000,0x000000001b6b0000] [id=9060]

VM state:not at safepoint (normal execution)

VM Mutex/Monitor currently owned by a thread: None

Heap:
 PSYoungGen      total 57344K, used 13091K [0x0000000780a00000, 0x0000000784a00000, 0x00000007c0000000)
  eden space 49152K, 10% used [0x0000000780a00000,0x0000000780eccf80,0x0000000783a00000)
  from space 8192K, 99% used [0x0000000783a00000,0x00000007841fc070,0x0000000784200000)
  to   space 8192K, 0% used [0x0000000784200000,0x0000000784200000,0x0000000784a00000)
 ParOldGen       total 131072K, used 3287K [0x0000000701e00000, 0x0000000709e00000, 0x0000000780a00000)
  object space 131072K, 2% used [0x0000000701e00000,0x0000000702135fa0,0x0000000709e00000)
 Metaspace       used 18880K, capacity 19155K, committed 19456K, reserved 1067008K
  class space    used 2134K, capacity 2233K, committed 2304K, reserved 1048576K

Card table byte_map: [0x0000000011a80000,0x0000000012080000] byte_map_base: 0x000000000e271000

Marking Bits: (ParMarkBitMap*) 0x0000000059150860
 Begin Bits: [0x0000000012880000, 0x0000000015808000)
 End Bits:   [0x0000000015808000, 0x0000000018790000)

Polling page: 0x00000000003f0000

CodeCache: size=245760Kb used=6751Kb max_used=6751Kb free=239008Kb
 bounds [0x00000000026c0000, 0x0000000002d60000, 0x00000000116c0000]
 total_blobs=2816 nmethods=2157 adapters=571
 compilation: enabled

Compilation events (10 events):
Event: 5.909 Thread 0x0000000019738000 2154       3       java.lang.ref.Finalizer::hasBeenFinalized (14 bytes)
Event: 5.909 Thread 0x0000000019738000 nmethod 2154 0x0000000002d5bb10 code [0x0000000002d5bc60, 0x0000000002d5be10]
Event: 5.909 Thread 0x0000000019738000 2155   !   3       java.lang.ref.Finalizer::remove (94 bytes)
Event: 5.909 Thread 0x0000000019738000 nmethod 2155 0x0000000002d5b350 code [0x0000000002d5b4c0, 0x0000000002d5b9d0]
Event: 5.909 Thread 0x0000000019738000 2156       3       java.lang.System$2::invokeFinalize (5 bytes)
Event: 5.909 Thread 0x0000000019738000 nmethod 2156 0x0000000002d5af10 code [0x0000000002d5b080, 0x0000000002d5b2a8]
Event: 5.909 Thread 0x0000000019738000 2142       3       java.util.concurrent.atomic.AtomicLong::decrementAndGet (16 bytes)
Event: 5.909 Thread 0x0000000019738000 nmethod 2142 0x0000000002d5e890 code [0x0000000002d5e9e0, 0x0000000002d5eb50]
Event: 5.909 Thread 0x0000000019738000 2158       3       java.util.zip.ZipFile$ZipFileInputStream::finalize (5 bytes)
Event: 5.909 Thread 0x0000000019738000 nmethod 2158 0x0000000002d5ebd0 code [0x0000000002d5ed40, 0x0000000002d5eec8]

GC Heap History (2 events):
Event: 5.894 GC heap before
{Heap before GC invocations=1 (full 0):
 PSYoungGen      total 57344K, used 49152K [0x0000000780a00000, 0x0000000784a00000, 0x00000007c0000000)
  eden space 49152K, 100% used [0x0000000780a00000,0x0000000783a00000,0x0000000783a00000)
  from space 8192K, 0% used [0x0000000784200000,0x0000000784200000,0x0000000784a00000)
  to   space 8192K, 0% used [0x0000000783a00000,0x0000000783a00000,0x0000000784200000)
 ParOldGen       total 131072K, used 0K [0x0000000701e00000, 0x0000000709e00000, 0x0000000780a00000)
  object space 131072K, 0% used [0x0000000701e00000,0x0000000701e00000,0x0000000709e00000)
 Metaspace       used 18871K, capacity 19155K, committed 19456K, reserved 1067008K
  class space    used 2134K, capacity 2233K, committed 2304K, reserved 1048576K
Event: 5.903 GC heap after
Heap after GC invocations=1 (full 0):
 PSYoungGen      total 57344K, used 8176K [0x0000000780a00000, 0x0000000784a00000, 0x00000007c0000000)
  eden space 49152K, 0% used [0x0000000780a00000,0x0000000780a00000,0x0000000783a00000)
  from space 8192K, 99% used [0x0000000783a00000,0x00000007841fc070,0x0000000784200000)
  to   space 8192K, 0% used [0x0000000784200000,0x0000000784200000,0x0000000784a00000)
 ParOldGen       total 131072K, used 3287K [0x0000000701e00000, 0x0000000709e00000, 0x0000000780a00000)
  object space 131072K, 2% used [0x0000000701e00000,0x0000000702135fa0,0x0000000709e00000)
 Metaspace       used 18871K, capacity 19155K, committed 19456K, reserved 1067008K
  class space    used 2134K, capacity 2233K, committed 2304K, reserved 1048576K
}

Deoptimization events (10 events):
Event: 2.416 Thread 0x000000001bc05800 Uncommon trap: reason=bimorphic action=maybe_recompile pc=0x00000000029e7818 method=java.util.HashMap.putVal(ILjava/lang/Object;Ljava/lang/Object;ZZ)Ljava/lang/Object; @ 203
Event: 3.106 Thread 0x000000001bc05800 Uncommon trap: reason=unstable_if action=reinterpret pc=0x0000000002c1549c method=com.jme3.util.SafeArrayList.getArray()[Ljava/lang/Object; @ 4
Event: 3.143 Thread 0x000000001bc05800 Uncommon trap: reason=unstable_if action=reinterpret pc=0x0000000002c9b8a4 method=com.jme3.renderer.opengl.GLRenderer.setVertexAttrib(Lcom/jme3/scene/VertexBuffer;Lcom/jme3/scene/VertexBuffer;)V @ 212
Event: 3.972 Thread 0x000000001bc05800 Uncommon trap: reason=unstable_if action=reinterpret pc=0x0000000002cdf2fc method=com.jme3.renderer.opengl.GLRenderer.setVertexAttrib(Lcom/jme3/scene/VertexBuffer;Lcom/jme3/scene/VertexBuffer;)V @ 287
Event: 4.007 Thread 0x000000001bc05800 Uncommon trap: reason=unstable_if action=reinterpret pc=0x0000000002cb5cc0 method=com.jme3.material.Material.getSortId()I @ 5
Event: 4.007 Thread 0x000000001bc05800 Uncommon trap: reason=unstable_if action=reinterpret pc=0x0000000002d0f010 method=com.jme3.material.Material.render(Lcom/jme3/scene/Geometry;Lcom/jme3/light/LightList;Lcom/jme3/renderer/RenderManager;)V @ 4
Event: 4.007 Thread 0x000000001bc05800 Uncommon trap: reason=unstable_if action=reinterpret pc=0x0000000002cf2ed4 method=java.util.ArrayList.isEmpty()Z @ 4
Event: 4.007 Thread 0x000000001bc05800 Uncommon trap: reason=unstable_if action=reinterpret pc=0x0000000002cf5f58 method=com.jme3.renderer.opengl.GLRenderer.setTexture(ILcom/jme3/texture/Texture;)V @ 9
Event: 4.012 Thread 0x000000001bc05800 Uncommon trap: reason=unstable_if action=reinterpret pc=0x0000000002c859d0 method=com.jme3.material.Material.getSortId()I @ 5
Event: 5.849 Thread 0x000000001bc05800 Uncommon trap: reason=unstable_if action=reinterpret pc=0x0000000002d3c1c0 method=java.util.HashMap$HashIterator.<init>(Ljava/util/HashMap;)V @ 38

Classes redefined (0 events):
No events

Internal exceptions (10 events):
Event: 0.395 Thread 0x000000001b967000 Exception <a 'java/lang/NoClassDefFoundError'> (0x00000007811888c8) thrown at [C:\re\workspace\8-2-build-windows-amd64-cygwin\jdk8u152\9742\hotspot\src\share\vm\prims\jvm.cpp, line 1394]
Event: 1.905 Thread 0x000000001bc05800 Exception <a 'java/security/PrivilegedActionException'> (0x00000007822b51e0) thrown at [C:\re\workspace\8-2-build-windows-amd64-cygwin\jdk8u152\9742\hotspot\src\share\vm\prims\jvm.cpp, line 1390]
Event: 1.905 Thread 0x000000001bc05800 Exception <a 'java/security/PrivilegedActionException'> (0x00000007822b6d50) thrown at [C:\re\workspace\8-2-build-windows-amd64-cygwin\jdk8u152\9742\hotspot\src\share\vm\prims\jvm.cpp, line 1390]
Event: 1.905 Thread 0x000000001bc05800 Exception <a 'java/security/PrivilegedActionException'> (0x00000007822b7e70) thrown at [C:\re\workspace\8-2-build-windows-amd64-cygwin\jdk8u152\9742\hotspot\src\share\vm\prims\jvm.cpp, line 1390]
Event: 1.905 Thread 0x000000001bc05800 Exception <a 'java/security/PrivilegedActionException'> (0x00000007822bcf90) thrown at [C:\re\workspace\8-2-build-windows-amd64-cygwin\jdk8u152\9742\hotspot\src\share\vm\prims\jvm.cpp, line 1390]
Event: 1.905 Thread 0x000000001bc05800 Exception <a 'java/security/PrivilegedActionException'> (0x00000007822bdbe8) thrown at [C:\re\workspace\8-2-build-windows-amd64-cygwin\jdk8u152\9742\hotspot\src\share\vm\prims\jvm.cpp, line 1390]
Event: 1.905 Thread 0x000000001bc05800 Exception <a 'java/security/PrivilegedActionException'> (0x00000007822be810) thrown at [C:\re\workspace\8-2-build-windows-amd64-cygwin\jdk8u152\9742\hotspot\src\share\vm\prims\jvm.cpp, line 1390]
Event: 4.007 Thread 0x000000001bc05800 Implicit null exception at 0x0000000002d0be4e to 0x0000000002d0efed
Event: 5.849 Thread 0x000000001bc05800 Implicit null exception at 0x0000000002d3c000 to 0x0000000002d3c1a9
Event: 5.882 Thread 0x000000001bcec000 Exception <a 'java/lang/InterruptedException': sleep interrupted> (0x00000007839f9998) thrown at [C:\re\workspace\8-2-build-windows-amd64-cygwin\jdk8u152\9742\hotspot\src\share\vm\prims\jvm.cpp, line 3228]

Events (10 events):
Event: 5.893 Thread 0x000000001bc05800 Thread exited: 0x000000001bc05800
Event: 5.893 Thread 0x000000001b356000 Thread added: 0x000000001b356000
Event: 5.893 Thread 0x000000001b354800 Thread added: 0x000000001b354800
Event: 5.893 Thread 0x000000001b353000 Thread added: 0x000000001b353000
Event: 5.893 Executing VM operation: ParallelGCFailedAllocation
Event: 5.903 Executing VM operation: ParallelGCFailedAllocation done
Event: 5.903 Thread 0x000000001b354800 Thread exited: 0x000000001b354800
Event: 5.904 Thread 0x000000001b353800 Thread added: 0x000000001b353800
Event: 5.907 Thread 0x000000001b356000 Thread exited: 0x000000001b356000
Event: 5.911 Thread 0x000000001b95c000 Thread exited: 0x000000001b95c000


Dynamic libraries:
0x00007ff77a700000 - 0x00007ff77a737000 	C:\Program Files\jmonkeyplatform\jdk\bin\java.exe
0x00007ff99ae10000 - 0x00007ff99aff1000 	C:\WINDOWS\SYSTEM32\ntdll.dll
0x00007ff998890000 - 0x00007ff998942000 	C:\WINDOWS\System32\KERNEL32.DLL
0x00007ff997a70000 - 0x00007ff997ce3000 	C:\WINDOWS\System32\KERNELBASE.dll
0x00007ff998950000 - 0x00007ff9989f1000 	C:\WINDOWS\System32\ADVAPI32.dll
0x00007ff998d90000 - 0x00007ff998e2e000 	C:\WINDOWS\System32\msvcrt.dll
0x00007ff99a830000 - 0x00007ff99a88b000 	C:\WINDOWS\System32\sechost.dll
0x00007ff99ac50000 - 0x00007ff99ad74000 	C:\WINDOWS\System32\RPCRT4.dll
0x00007ff99a900000 - 0x00007ff99aa90000 	C:\WINDOWS\System32\USER32.dll
0x00007ff997a50000 - 0x00007ff997a70000 	C:\WINDOWS\System32\win32u.dll
0x00007ff998af0000 - 0x00007ff998b18000 	C:\WINDOWS\System32\GDI32.dll
0x00007ff998100000 - 0x00007ff998292000 	C:\WINDOWS\System32\gdi32full.dll
0x00007ff998060000 - 0x00007ff9980ff000 	C:\WINDOWS\System32\msvcp_win.dll
0x00007ff997950000 - 0x00007ff997a4a000 	C:\WINDOWS\System32\ucrtbase.dll
0x00007ff9869c0000 - 0x00007ff986c29000 	C:\WINDOWS\WinSxS\amd64_microsoft.windows.common-controls_6595b64144ccf1df_6.0.17134.48_none_b4b2216a3cb4dd3e\COMCTL32.dll
0x00007ff998fd0000 - 0x00007ff9992f3000 	C:\WINDOWS\System32\combase.dll
0x00007ff997da0000 - 0x00007ff997e1a000 	C:\WINDOWS\System32\bcryptPrimitives.dll
0x00007ff998360000 - 0x00007ff99838d000 	C:\WINDOWS\System32\IMM32.DLL
0x0000000058460000 - 0x0000000058532000 	C:\Program Files\jmonkeyplatform\jdk\jre\bin\msvcr100.dll
0x0000000058930000 - 0x00000000591d0000 	C:\Program Files\jmonkeyplatform\jdk\jre\bin\server\jvm.dll
0x00007ff998430000 - 0x00007ff998438000 	C:\WINDOWS\System32\PSAPI.DLL
0x00007ff984500000 - 0x00007ff984509000 	C:\WINDOWS\SYSTEM32\WSOCK32.dll
0x00007ff9872b0000 - 0x00007ff9872d3000 	C:\WINDOWS\SYSTEM32\WINMM.dll
0x00007ff999300000 - 0x00007ff99936c000 	C:\WINDOWS\System32\WS2_32.dll
0x00007ff98f8f0000 - 0x00007ff98f8fa000 	C:\WINDOWS\SYSTEM32\VERSION.dll
0x00007ff986d30000 - 0x00007ff986d5a000 	C:\WINDOWS\SYSTEM32\WINMMBASE.dll
0x00007ff997e20000 - 0x00007ff997e69000 	C:\WINDOWS\System32\cfgmgr32.dll
0x000000005a6e0000 - 0x000000005a6ef000 	C:\Program Files\jmonkeyplatform\jdk\jre\bin\verify.dll
0x000000005a6b0000 - 0x000000005a6d9000 	C:\Program Files\jmonkeyplatform\jdk\jre\bin\java.dll
0x000000005a690000 - 0x000000005a6a6000 	C:\Program Files\jmonkeyplatform\jdk\jre\bin\zip.dll
0x00007ff9993f0000 - 0x00007ff99a830000 	C:\WINDOWS\System32\SHELL32.dll
0x00007ff9982b0000 - 0x00007ff998359000 	C:\WINDOWS\System32\shcore.dll
0x00007ff9971e0000 - 0x00007ff9978ed000 	C:\WINDOWS\System32\windows.storage.dll
0x00007ff99ad80000 - 0x00007ff99add1000 	C:\WINDOWS\System32\shlwapi.dll
0x00007ff9971a0000 - 0x00007ff9971b1000 	C:\WINDOWS\System32\kernel.appcore.dll
0x00007ff9971c0000 - 0x00007ff9971df000 	C:\WINDOWS\System32\profapi.dll
0x00007ff997120000 - 0x00007ff99716c000 	C:\WINDOWS\System32\powrprof.dll
0x00007ff997170000 - 0x00007ff99717a000 	C:\WINDOWS\System32\FLTLIB.DLL
0x0000000058690000 - 0x0000000058828000 	C:\Program Files\jmonkeyplatform\jdk\jre\bin\awt.dll
0x00007ff998cc0000 - 0x00007ff998d82000 	C:\WINDOWS\System32\OLEAUT32.dll
0x00007ff9957e0000 - 0x00007ff99586b000 	C:\WINDOWS\SYSTEM32\apphelp.dll
0x00007ff995b10000 - 0x00007ff995ba8000 	C:\WINDOWS\system32\uxtheme.dll
0x00007ff998b20000 - 0x00007ff998c95000 	C:\WINDOWS\System32\MSCTF.dll
0x00007ff995be0000 - 0x00007ff995c09000 	C:\WINDOWS\system32\dwmapi.dll
0x00007ff99aa90000 - 0x00007ff99abe1000 	C:\WINDOWS\System32\ole32.dll
0x00007ff9770e0000 - 0x00007ff977200000 	C:\WINDOWS\system32\opengl32.dll
0x00007ff9778f0000 - 0x00007ff97791c000 	C:\WINDOWS\SYSTEM32\GLU32.dll
0x0000000058600000 - 0x0000000058647000 	C:\Program Files\jmonkeyplatform\jdk\jre\bin\fontmanager.dll
0x000000005a670000 - 0x000000005a68a000 	C:\Program Files\jmonkeyplatform\jdk\jre\bin\net.dll
0x00007ff996940000 - 0x00007ff9969a6000 	C:\WINDOWS\system32\mswsock.dll
0x0000000058830000 - 0x0000000058841000 	C:\Program Files\jmonkeyplatform\jdk\jre\bin\nio.dll
0x00000000585b0000 - 0x00000000585f2000 	C:\Program Files\jmonkeyplatform\jdk\jre\bin\t2k.dll
0x00007ff97fc10000 - 0x00007ff97fca8000 	C:\WINDOWS\System32\TextInputFramework.dll
0x00007ff993b10000 - 0x00007ff993e2e000 	C:\WINDOWS\System32\CoreUIComponents.dll
0x00007ff995200000 - 0x00007ff9952da000 	C:\WINDOWS\System32\CoreMessaging.dll
0x00007ff9962c0000 - 0x00007ff9962f1000 	C:\WINDOWS\SYSTEM32\ntmarta.dll
0x00007ff993950000 - 0x00007ff993a9d000 	C:\WINDOWS\SYSTEM32\wintypes.dll
0x00007ff964230000 - 0x00007ff964448000 	C:\Users\Alvaro\Documents\fakeFIFA\bulletjme.dll
0x0000000180000000 - 0x0000000180064000 	C:\Users\Alvaro\Documents\fakeFIFA\OpenAL64.dll
0x000000001dc60000 - 0x000000001dcb3000 	C:\Users\Alvaro\Documents\fakeFIFA\lwjgl64.dll
0x00007ff956b50000 - 0x00007ff957899000 	C:\WINDOWS\System32\DriverStore\FileRepository\igdlh64.inf_amd64_82119d956c80af5a\ig9icd64.dll
0x00007ff98f900000 - 0x00007ff98f913000 	C:\WINDOWS\SYSTEM32\WTSAPI32.dll
0x00007ff98fb50000 - 0x00007ff98fbf8000 	C:\WINDOWS\SYSTEM32\mscms.dll
0x00007ff997050000 - 0x00007ff997078000 	C:\WINDOWS\SYSTEM32\USERENV.dll
0x00007ff990750000 - 0x00007ff990760000 	C:\WINDOWS\SYSTEM32\ColorAdapterClient.dll
0x00007ff98b570000 - 0x00007ff98b5b3000 	C:\WINDOWS\SYSTEM32\icm32.dll
0x00007ff990990000 - 0x00007ff991aec000 	C:\WINDOWS\System32\DriverStore\FileRepository\igdlh64.inf_amd64_82119d956c80af5a\igc64.dll
0x00007ff995fb0000 - 0x00007ff99606b000 	C:\WINDOWS\SYSTEM32\dxgi.dll
0x00007ff994900000 - 0x00007ff994c0b000 	C:\WINDOWS\SYSTEM32\d3d11.dll
0x00007ff996c20000 - 0x00007ff996c45000 	C:\WINDOWS\SYSTEM32\bcrypt.dll
0x00007ff998390000 - 0x00007ff998430000 	C:\WINDOWS\System32\clbcatq.dll
0x00007ff98d110000 - 0x00007ff98d186000 	C:\WINDOWS\System32\MMDevApi.dll
0x00007ff996ef0000 - 0x00007ff996f17000 	C:\WINDOWS\System32\DEVOBJ.dll
0x00007ff98bb70000 - 0x00007ff98bd24000 	C:\WINDOWS\System32\PROPSYS.dll
0x00007ff97f670000 - 0x00007ff97f6ff000 	C:\WINDOWS\SYSTEM32\dsound.dll
0x00007ff986310000 - 0x00007ff98643c000 	C:\WINDOWS\SYSTEM32\AUDIOSES.DLL
0x00007ff993f80000 - 0x00007ff993f8a000 	C:\WINDOWS\SYSTEM32\AVRT.dll
0x0000000058420000 - 0x0000000058451000 	C:\Program Files\jmonkeyplatform\jdk\jre\bin\jpeg.dll
0x00007ff990580000 - 0x00007ff990749000 	C:\WINDOWS\SYSTEM32\dbghelp.dll

VM Arguments:
jvm_args: -Dfile.encoding=UTF-8 
java_command: mygame.Main
java_class_path (initial): C:\Program Files\jmonkeyplatform\jmonkeyplatform\libs\jme3-jogg-3.2.1-stable.jar;C:\Program Files\jmonkeyplatform\jmonkeyplatform\libs\j-ogg-all-1.0.0.jar;C:\Program Files\jmonkeyplatform\jmonkeyplatform\libs\jme3-networking-3.2.1-stable.jar;C:\Program Files\jmonkeyplatform\jmonkeyplatform\libs\jme3-plugins-3.2.1-stable.jar;C:\Program Files\jmonkeyplatform\jmonkeyplatform\libs\gson-2.8.1.jar;C:\Program Files\jmonkeyplatform\jmonkeyplatform\libs\jme3-core-3.2.1-stable.jar;C:\Program Files\jmonkeyplatform\jmonkeyplatform\libs\jme3-desktop-3.2.1-stable.jar;C:\Program Files\jmonkeyplatform\jmonkeyplatform\libs\jme3-lwjgl-3.2.1-stable.jar;C:\Program Files\jmonkeyplatform\jmonkeyplatform\libs\lwjgl-2.9.3.jar;C:\Program Files\jmonkeyplatform\jmonkeyplatform\libs\jinput-2.0.5.jar;C:\Program Files\jmonkeyplatform\jmonkeyplatform\libs\jinput-platform-2.0.5-natives-linux.jar;C:\Program Files\jmonkeyplatform\jmonkeyplatform\libs\jinput-platform-2.0.5-natives-windows.jar;C:\Program Files\jmonkeyplatform\jmonkeyplatform\libs\jinput-platform-2.0.5-natives-osx.jar;C:\Program Files\jmonkeyplatform\jmonkeyplatform\libs\jutils-1.0.0.jar;C:\Program Files\jmonkeyplatform\jmonkeyplatform\libs\lwjgl-platform-2.9.3-natives-windows.jar;C:\Program Files\jmonkeyplatform\jmonkeyplatform\libs\lwjgl-platform-2.9.3-natives-linux.jar;C:\Program Files\jmonkeyplatform\jmonkeyplatform\libs\lwjgl-platform-2.9.3-natives-osx.jar;C:\Program Files\jmonkeyplatform\jmonkeyplatform\libs\jme3-effects-3.2.1-stable.jar;C:\Program Files\jmonkeyplatform\jmonkeyplatform\libs\jme3-terrain-3.2.1-stable.jar;C:\Program Files\jmonkeyplatform\jmonkeyplatform\libs\jme3-bullet-3.2.1-stable.jar;C:\Program Files\jmonkeyplatform\jmonkeyplatform\libs\jme3-bullet-native-3.2.1-stable.jar;C:\Users\Alvaro\Documents\fakeFIFA\src\resources\weka.jar;C:\Users\Alvaro\Documents\fakeFIFA\src\resources\jme3-testdata.jar;C:\Users\Alvaro\Documents\fakeFIFA\build\classes;C:\Users\Alvaro\Documents\fakeFIFA\assets
Launcher Type: SUN_STANDARD

Environment Variables:
PATH=C:\Program Files (x86)\Common Files\Oracle\Java\javapath;C:\ProgramData\Oracle\Java\javapath;C:\Program Files\Haskell\bin;C:\Program Files\Haskell Platform\8.2.1\lib\extralibs\bin;C:\Program Files\Haskell Platform\8.2.1\bin;C:\Python27\;C:\Python27\Scripts;C:\Program Files (x86)\Intel\iCLS Client\;C:\Program Files\Intel\iCLS Client\;C:\Windows\system32;C:\Windows;C:\Windows\System32\Wbem;C:\Windows\System32\WindowsPowerShell\v1.0\;C:\Program Files (x86)\Intel\Intel(R) Management Engine Components\DAL;C:\Program Files\Intel\Intel(R) Management Engine Components\DAL;C:\Program Files (x86)\Intel\Intel(R) Management Engine Components\IPT;C:\Program Files\Intel\Intel(R) Management Engine Components\IPT;C:\Program Files (x86)\NVIDIA Corporation\PhysX\Common;C:\Program Files\Intel\WiFi\bin\;C:\Program Files\Common Files\Intel\WirelessCommon\;C:\Program Files\Haskell Platform\8.2.1\mingw\bin;C:\Program Files\nodejs\;C:\Program Files\Git\cmd;C:\Program Files\Git\bin\git.exe;C:\Program Files\dotnet\;C:\Users\Alvaro\AppData\Roaming\cabal\bin;C:\Users\Alvaro\AppData\Local\Prog;C:\Program Files (x86)\Brackets\command;C:\sqlite;C:\Program Files\MySQL\MySQL Utilities 1.6\;C:\Program Files (x86)\Gpg4win\..\GnuPG\bin;C:\WINDOWS\system32;C:\WINDOWS;C:\WINDOWS\System32\Wbem;C:\WINDOWS\System32\WindowsPowerShell\v1.0\;C:\WINDOWS\System32\OpenSSH\;C:\sqlite;C:\Ruby24-x64\bin;C:\Users\Alvaro\AppData\Roaming\cabal\bin;C:\Users\Alvaro\AppData\Local\Programs\Python\Python36-32\Scripts\;C:\Users\Alvaro\AppData\Local\Programs\Python\Python36-32\;C:\Users\Alvaro\AppData\Roaming\local\bin;C:\Users\Alvaro\AppData\Local\Microsoft\WindowsApps;C:\Program Files\Intel\WiFi\bin\;C:\Program Files\Common Files\Intel\WirelessCommon\;C:\Users\Alvaro\AppData\Roaming\npm;C:\Users\Alvaro\AppData\Local\atom\bin;C:\Users\Alvaro\AppData\Local\GitHubDesktop\bin;C:\Program Files\Heroku\bin;C:\Users\Alvaro\AppData\Local\Microsoft\WindowsApps;
USERNAME=Alvaro
OS=Windows_NT
PROCESSOR_IDENTIFIER=Intel64 Family 6 Model 78 Stepping 3, GenuineIntel



---------------  S Y S T E M  ---------------

OS: Windows 10.0 , 64 bit Build 17134 (10.0.17134.1)

CPU:total 4 (initial active 4) (2 cores per cpu, 2 threads per core) family 6 model 78 stepping 3, cmov, cx8, fxsr, mmx, sse, sse2, sse3, ssse3, sse4.1, sse4.2, popcnt, avx, avx2, aes, clmul, erms, 3dnowpref, lzcnt, ht, tsc, tscinvbit, bmi1, bmi2, adx

Memory: 4k page, physical 12453884k(8411856k free), swap 14944252k(9824008k free)

vm_info: Java HotSpot(TM) 64-Bit Server VM (25.152-b16) for windows-amd64 JRE (1.8.0_152-b16), built on Sep 14 2017 02:29:36 by "java_re" with MS VC++ 10.0 (VS2010)

time: Tue May 15 10:25:12 2018
elapsed time: 6 seconds (0d 0h 0m 6s)

